#
# There is insufficient memory for the Java Runtime Environment to continue.
# Native memory allocation (malloc) failed to allocate 715849728 bytes for committing reserved memory.
# Possible reasons:
#   The system is out of physical RAM or swap space
#   In 32 bit mode, the process size limit was hit
# Possible solutions:
#   Reduce memory load on the system
#   Increase physical memory or swap space
#   Check if swap backing store is full
#   Use 64 bit Java on a 64 bit OS
#   Decrease Java heap size (-Xmx/-Xms)
#   Decrease number of Java threads
#   Decrease Java thread stack sizes (-Xss)
#   Set larger code cache with -XX:ReservedCodeCacheSize=
# This output file may be truncated or incomplete.
#
#  Out of Memory Error (os_linux.cpp:2827), pid=2309, tid=139896201324288
#
# JRE version:  (7.0_95) (build )
# Java VM: OpenJDK 64-Bit Server VM (24.95-b01 mixed mode linux-amd64 compressed oops)
# Derivative: IcedTea 2.6.4
# Distribution: Ubuntu 14.04 LTS, package 7u95-2.6.4-0ubuntu0.14.04.2
# Failed to write core dump. Core dumps have been disabled. To enable core dumping, try "ulimit -c unlimited" before starting Java again
#

---------------  T H R E A D  ---------------

Current thread (0x00007f3c1800a000):  JavaThread "Unknown thread" [_thread_in_vm, id=2332, stack(0x00007f3c1f52a000,0x00007f3c1f62b000)]

Stack: [0x00007f3c1f52a000,0x00007f3c1f62b000],  sp=0x00007f3c1f629380,  free space=1020k
Native frames: (J=compiled Java code, j=interpreted, Vv=VM code, C=native code)
V  [libjvm.so+0x953e15]
V  [libjvm.so+0x48fd94]
V  [libjvm.so+0x7cf87b]
V  [libjvm.so+0x7ca33f]
V  [libjvm.so+0x950d04]
V  [libjvm.so+0x567efb]
V  [libjvm.so+0x8ff7a3]
V  [libjvm.so+0x568a09]
V  [libjvm.so+0x55ac62]
V  [libjvm.so+0x9247b7]
V  [libjvm.so+0x924ae7]
V  [libjvm.so+0x5a2dd5]
V  [libjvm.so+0x90a4cf]
V  [libjvm.so+0x60e834]  JNI_CreateJavaVM+0x54
C  [libjli.so+0x2b48]


---------------  P R O C E S S  ---------------

Java Threads: ( => current thread )

Other Threads:

=>0x00007f3c1800a000 (exited) JavaThread "Unknown thread" [_thread_in_vm, id=2332, stack(0x00007f3c1f52a000,0x00007f3c1f62b000)]

VM state:not at safepoint (not fully initialized)

VM Mutex/Monitor currently owned by a thread: None

GC Heap History (0 events):
No events

Deoptimization events (0 events):
No events

Internal exceptions (0 events):
No events

Events (0 events):
No events


Dynamic libraries:
00400000-00401000 r-xp 00000000 fd:01 1450915                            /usr/lib/jvm/java-7-openjdk-amd64/jre/bin/java
00600000-00601000 r--p 00000000 fd:01 1450915                            /usr/lib/jvm/java-7-openjdk-amd64/jre/bin/java
00601000-00602000 rw-p 00001000 fd:01 1450915                            /usr/lib/jvm/java-7-openjdk-amd64/jre/bin/java
022ff000-02320000 rw-p 00000000 00:00 0                                  [heap]
b0000000-c5550000 rw-p 00000000 00:00 0 
f0000000-100000000 rw-p 00000000 00:00 0 
7f3c14d7f000-7f3c14e2a000 rw-p 00000000 00:00 0 
7f3c14e2a000-7f3c14fff000 rw-p 00000000 00:00 0 
7f3c14fff000-7f3c15000000 rw-p 00000000 00:00 0 
7f3c15000000-7f3c15270000 rwxp 00000000 00:00 0 
7f3c15270000-7f3c18024000 rw-p 00000000 00:00 0 
7f3c18024000-7f3c1c000000 ---p 00000000 00:00 0 
7f3c1c150000-7f3c1c158000 r-xp 00000000 fd:01 1450946                    /usr/lib/jvm/java-7-openjdk-amd64/jre/lib/amd64/libzip.so
7f3c1c158000-7f3c1c357000 ---p 00008000 fd:01 1450946                    /usr/lib/jvm/java-7-openjdk-amd64/jre/lib/amd64/libzip.so
7f3c1c357000-7f3c1c358000 r--p 00007000 fd:01 1450946                    /usr/lib/jvm/java-7-openjdk-amd64/jre/lib/amd64/libzip.so
7f3c1c358000-7f3c1c359000 rw-p 00008000 fd:01 1450946                    /usr/lib/jvm/java-7-openjdk-amd64/jre/lib/amd64/libzip.so
7f3c1c359000-7f3c1c364000 r-xp 00000000 fd:01 393422                     /lib/x86_64-linux-gnu/libnss_files-2.19.so
7f3c1c364000-7f3c1c563000 ---p 0000b000 fd:01 393422                     /lib/x86_64-linux-gnu/libnss_files-2.19.so
7f3c1c563000-7f3c1c564000 r--p 0000a000 fd:01 393422                     /lib/x86_64-linux-gnu/libnss_files-2.19.so
7f3c1c564000-7f3c1c565000 rw-p 0000b000 fd:01 393422                     /lib/x86_64-linux-gnu/libnss_files-2.19.so
7f3c1c565000-7f3c1c570000 r-xp 00000000 fd:01 393366                     /lib/x86_64-linux-gnu/libnss_nis-2.19.so
7f3c1c570000-7f3c1c76f000 ---p 0000b000 fd:01 393366                     /lib/x86_64-linux-gnu/libnss_nis-2.19.so
7f3c1c76f000-7f3c1c770000 r--p 0000a000 fd:01 393366                     /lib/x86_64-linux-gnu/libnss_nis-2.19.so
7f3c1c770000-7f3c1c771000 rw-p 0000b000 fd:01 393366                     /lib/x86_64-linux-gnu/libnss_nis-2.19.so
7f3c1c771000-7f3c1c788000 r-xp 00000000 fd:01 393350                     /lib/x86_64-linux-gnu/libnsl-2.19.so
7f3c1c788000-7f3c1c987000 ---p 00017000 fd:01 393350                     /lib/x86_64-linux-gnu/libnsl-2.19.so
7f3c1c987000-7f3c1c988000 r--p 00016000 fd:01 393350                     /lib/x86_64-linux-gnu/libnsl-2.19.so
7f3c1c988000-7f3c1c989000 rw-p 00017000 fd:01 393350                     /lib/x86_64-linux-gnu/libnsl-2.19.so
7f3c1c989000-7f3c1c98b000 rw-p 00000000 00:00 0 
7f3c1c98b000-7f3c1c994000 r-xp 00000000 fd:01 393333                     /lib/x86_64-linux-gnu/libnss_compat-2.19.so
7f3c1c994000-7f3c1cb93000 ---p 00009000 fd:01 393333                     /lib/x86_64-linux-gnu/libnss_compat-2.19.so
7f3c1cb93000-7f3c1cb94000 r--p 00008000 fd:01 393333                     /lib/x86_64-linux-gnu/libnss_compat-2.19.so
7f3c1cb94000-7f3c1cb95000 rw-p 00009000 fd:01 393333                     /lib/x86_64-linux-gnu/libnss_compat-2.19.so
7f3c1cb95000-7f3c1cbc0000 r-xp 00000000 fd:01 1450931                    /usr/lib/jvm/java-7-openjdk-amd64/jre/lib/amd64/libjava.so
7f3c1cbc0000-7f3c1cdc0000 ---p 0002b000 fd:01 1450931                    /usr/lib/jvm/java-7-openjdk-amd64/jre/lib/amd64/libjava.so
7f3c1cdc0000-7f3c1cdc1000 r--p 0002b000 fd:01 1450931                    /usr/lib/jvm/java-7-openjdk-amd64/jre/lib/amd64/libjava.so
7f3c1cdc1000-7f3c1cdc3000 rw-p 0002c000 fd:01 1450931                    /usr/lib/jvm/java-7-openjdk-amd64/jre/lib/amd64/libjava.so
7f3c1cdc3000-7f3c1cdd3000 r-xp 00000000 fd:01 1450932                    /usr/lib/jvm/java-7-openjdk-amd64/jre/lib/amd64/libverify.so
7f3c1cdd3000-7f3c1cfd2000 ---p 00010000 fd:01 1450932                    /usr/lib/jvm/java-7-openjdk-amd64/jre/lib/amd64/libverify.so
7f3c1cfd2000-7f3c1cfd4000 r--p 0000f000 fd:01 1450932                    /usr/lib/jvm/java-7-openjdk-amd64/jre/lib/amd64/libverify.so
7f3c1cfd4000-7f3c1cfd5000 rw-p 00011000 fd:01 1450932                    /usr/lib/jvm/java-7-openjdk-amd64/jre/lib/amd64/libverify.so
7f3c1cfd5000-7f3c1cfdc000 r-xp 00000000 fd:01 393393                     /lib/x86_64-linux-gnu/librt-2.19.so
7f3c1cfdc000-7f3c1d1db000 ---p 00007000 fd:01 393393                     /lib/x86_64-linux-gnu/librt-2.19.so
7f3c1d1db000-7f3c1d1dc000 r--p 00006000 fd:01 393393                     /lib/x86_64-linux-gnu/librt-2.19.so
7f3c1d1dc000-7f3c1d1dd000 rw-p 00007000 fd:01 393393                     /lib/x86_64-linux-gnu/librt-2.19.so
7f3c1d1dd000-7f3c1d1f3000 r-xp 00000000 fd:01 393221                     /lib/x86_64-linux-gnu/libgcc_s.so.1
7f3c1d1f3000-7f3c1d3f2000 ---p 00016000 fd:01 393221                     /lib/x86_64-linux-gnu/libgcc_s.so.1
7f3c1d3f2000-7f3c1d3f3000 rw-p 00015000 fd:01 393221                     /lib/x86_64-linux-gnu/libgcc_s.so.1
7f3c1d3f3000-7f3c1d4f8000 r-xp 00000000 fd:01 393254                     /lib/x86_64-linux-gnu/libm-2.19.so
7f3c1d4f8000-7f3c1d6f7000 ---p 00105000 fd:01 393254                     /lib/x86_64-linux-gnu/libm-2.19.so
7f3c1d6f7000-7f3c1d6f8000 r--p 00104000 fd:01 393254                     /lib/x86_64-linux-gnu/libm-2.19.so
7f3c1d6f8000-7f3c1d6f9000 rw-p 00105000 fd:01 393254                     /lib/x86_64-linux-gnu/libm-2.19.so
7f3c1d6f9000-7f3c1d7df000 r-xp 00000000 fd:01 920151                     /usr/lib/x86_64-linux-gnu/libstdc++.so.6.0.19
7f3c1d7df000-7f3c1d9de000 ---p 000e6000 fd:01 920151                     /usr/lib/x86_64-linux-gnu/libstdc++.so.6.0.19
7f3c1d9de000-7f3c1d9e6000 r--p 000e5000 fd:01 920151                     /usr/lib/x86_64-linux-gnu/libstdc++.so.6.0.19
7f3c1d9e6000-7f3c1d9e8000 rw-p 000ed000 fd:01 920151                     /usr/lib/x86_64-linux-gnu/libstdc++.so.6.0.19
7f3c1d9e8000-7f3c1d9fd000 rw-p 00000000 00:00 0 
7f3c1d9fd000-7f3c1e521000 r-xp 00000000 fd:01 1450944                    /usr/lib/jvm/java-7-openjdk-amd64/jre/lib/amd64/server/libjvm.so
7f3c1e521000-7f3c1e721000 ---p 00b24000 fd:01 1450944                    /usr/lib/jvm/java-7-openjdk-amd64/jre/lib/amd64/server/libjvm.so
7f3c1e721000-7f3c1e7bb000 r--p 00b24000 fd:01 1450944                    /usr/lib/jvm/java-7-openjdk-amd64/jre/lib/amd64/server/libjvm.so
7f3c1e7bb000-7f3c1e7de000 rw-p 00bbe000 fd:01 1450944                    /usr/lib/jvm/java-7-openjdk-amd64/jre/lib/amd64/server/libjvm.so
7f3c1e7de000-7f3c1e80c000 rw-p 00000000 00:00 0 
7f3c1e80c000-7f3c1e824000 r-xp 00000000 fd:01 393502                     /lib/x86_64-linux-gnu/libz.so.1.2.8
7f3c1e824000-7f3c1ea23000 ---p 00018000 fd:01 393502                     /lib/x86_64-linux-gnu/libz.so.1.2.8
7f3c1ea23000-7f3c1ea24000 r--p 00017000 fd:01 393502                     /lib/x86_64-linux-gnu/libz.so.1.2.8
7f3c1ea24000-7f3c1ea25000 rw-p 00018000 fd:01 393502                     /lib/x86_64-linux-gnu/libz.so.1.2.8
7f3c1ea25000-7f3c1ea3e000 r-xp 00000000 fd:01 393353                     /lib/x86_64-linux-gnu/libpthread-2.19.so
7f3c1ea3e000-7f3c1ec3d000 ---p 00019000 fd:01 393353                     /lib/x86_64-linux-gnu/libpthread-2.19.so
7f3c1ec3d000-7f3c1ec3e000 r--p 00018000 fd:01 393353                     /lib/x86_64-linux-gnu/libpthread-2.19.so
7f3c1ec3e000-7f3c1ec3f000 rw-p 00019000 fd:01 393353                     /lib/x86_64-linux-gnu/libpthread-2.19.so
7f3c1ec3f000-7f3c1ec43000 rw-p 00000000 00:00 0 
7f3c1ec43000-7f3c1ec46000 r-xp 00000000 fd:01 393322                     /lib/x86_64-linux-gnu/libdl-2.19.so
7f3c1ec46000-7f3c1ee45000 ---p 00003000 fd:01 393322                     /lib/x86_64-linux-gnu/libdl-2.19.so
7f3c1ee45000-7f3c1ee46000 r--p 00002000 fd:01 393322                     /lib/x86_64-linux-gnu/libdl-2.19.so
7f3c1ee46000-7f3c1ee47000 rw-p 00003000 fd:01 393322                     /lib/x86_64-linux-gnu/libdl-2.19.so
7f3c1ee47000-7f3c1f002000 r-xp 00000000 fd:01 393407                     /lib/x86_64-linux-gnu/libc-2.19.so
7f3c1f002000-7f3c1f201000 ---p 001bb000 fd:01 393407                     /lib/x86_64-linux-gnu/libc-2.19.so
7f3c1f201000-7f3c1f205000 r--p 001ba000 fd:01 393407                     /lib/x86_64-linux-gnu/libc-2.19.so
7f3c1f205000-7f3c1f207000 rw-p 001be000 fd:01 393407                     /lib/x86_64-linux-gnu/libc-2.19.so
7f3c1f207000-7f3c1f20c000 rw-p 00000000 00:00 0 
7f3c1f20c000-7f3c1f219000 r-xp 00000000 fd:01 1450961                    /usr/lib/jvm/java-7-openjdk-amd64/jre/lib/amd64/jli/libjli.so
7f3c1f219000-7f3c1f418000 ---p 0000d000 fd:01 1450961                    /usr/lib/jvm/java-7-openjdk-amd64/jre/lib/amd64/jli/libjli.so
7f3c1f418000-7f3c1f419000 r--p 0000c000 fd:01 1450961                    /usr/lib/jvm/java-7-openjdk-amd64/jre/lib/amd64/jli/libjli.so
7f3c1f419000-7f3c1f41a000 rw-p 0000d000 fd:01 1450961                    /usr/lib/jvm/java-7-openjdk-amd64/jre/lib/amd64/jli/libjli.so
7f3c1f41a000-7f3c1f43d000 r-xp 00000000 fd:01 393355                     /lib/x86_64-linux-gnu/ld-2.19.so
7f3c1f468000-7f3c1f474000 rw-p 00000000 00:00 0 
7f3c1f474000-7f3c1f52a000 rw-p 00000000 00:00 0 
7f3c1f52a000-7f3c1f52d000 ---p 00000000 00:00 0 
7f3c1f52d000-7f3c1f630000 rw-p 00000000 00:00 0                          [stack:2332]
7f3c1f630000-7f3c1f638000 rw-s 00000000 fd:01 798348                     /tmp/hsperfdata_root/2309
7f3c1f638000-7f3c1f639000 rw-p 00000000 00:00 0 
7f3c1f639000-7f3c1f63a000 r--p 00000000 00:00 0 
7f3c1f63a000-7f3c1f63c000 rw-p 00000000 00:00 0 
7f3c1f63c000-7f3c1f63d000 r--p 00022000 fd:01 393355                     /lib/x86_64-linux-gnu/ld-2.19.so
7f3c1f63d000-7f3c1f63e000 rw-p 00023000 fd:01 393355                     /lib/x86_64-linux-gnu/ld-2.19.so
7f3c1f63e000-7f3c1f63f000 rw-p 00000000 00:00 0 
7ffe71891000-7ffe718b2000 rw-p 00000000 00:00 0                          [stack]
7ffe719a7000-7ffe719a9000 r-xp 00000000 00:00 0                          [vdso]
ffffffffff600000-ffffffffff601000 r-xp 00000000 00:00 0                  [vsyscall]

VM Arguments:
jvm_args: -Xms1g -Xmx1g -XX:MaxPermSize=256m 
java_command: org.apache.spark.deploy.SparkSubmit manage.py runserver 0.0.0.0:8000
Launcher Type: SUN_STANDARD

Environment Variables:
PATH=/usr/local/sbin:/usr/local/bin:/usr/sbin:/usr/bin:/sbin:/bin:/usr/games:/usr/local/games
SHELL=/bin/bash

Signal Handlers:
SIGSEGV: [libjvm.so+0x9548f0], sa_mask[0]=0x7ffbfeff, sa_flags=0x10000004
SIGBUS: [libjvm.so+0x9548f0], sa_mask[0]=0x7ffbfeff, sa_flags=0x10000004
SIGFPE: [libjvm.so+0x7cb0b0], sa_mask[0]=0x7ffbfeff, sa_flags=0x10000004
SIGPIPE: [libjvm.so+0x7cb0b0], sa_mask[0]=0x7ffbfeff, sa_flags=0x10000004
SIGXFSZ: [libjvm.so+0x7cb0b0], sa_mask[0]=0x7ffbfeff, sa_flags=0x10000004
SIGILL: [libjvm.so+0x7cb0b0], sa_mask[0]=0x7ffbfeff, sa_flags=0x10000004
SIGUSR1: SIG_DFL, sa_mask[0]=0x00000000, sa_flags=0x00000000
SIGUSR2: [libjvm.so+0x7caf50], sa_mask[0]=0x00000000, sa_flags=0x10000004
SIGHUP: SIG_DFL, sa_mask[0]=0x00000000, sa_flags=0x00000000
SIGINT: SIG_DFL, sa_mask[0]=0x00000000, sa_flags=0x00000000
SIGTERM: SIG_DFL, sa_mask[0]=0x00000000, sa_flags=0x00000000
SIGQUIT: SIG_DFL, sa_mask[0]=0x00000000, sa_flags=0x00000000
SIGTRAP: SIG_DFL, sa_mask[0]=0x00000000, sa_flags=0x00000000


---------------  S Y S T E M  ---------------

OS:Ubuntu 14.04 (trusty)
uname:Linux 3.13.0-83-generic #127-Ubuntu SMP Fri Mar 11 00:25:37 UTC 2016 x86_64
libc:glibc 2.19 NPTL 2.19 
rlimit: STACK 8192k, CORE 0k, NPROC 7782, NOFILE 4096, AS infinity
load average:0.00 0.02 0.05

/proc/meminfo:
MemTotal:        1017852 kB
MemFree:          401592 kB
Buffers:           36980 kB
Cached:           286892 kB
SwapCached:            0 kB
Active:           384724 kB
Inactive:         159604 kB
Active(anon):     220524 kB
Inactive(anon):      276 kB
Active(file):     164200 kB
Inactive(file):   159328 kB
Unevictable:           0 kB
Mlocked:               0 kB
SwapTotal:             0 kB
SwapFree:              0 kB
Dirty:                92 kB
Writeback:             0 kB
AnonPages:        220420 kB
Mapped:            58436 kB
Shmem:               380 kB
Slab:              52176 kB
SReclaimable:      42244 kB
SUnreclaim:         9932 kB
KernelStack:        1280 kB
PageTables:         3948 kB
NFS_Unstable:          0 kB
Bounce:                0 kB
WritebackTmp:          0 kB
CommitLimit:      508924 kB
Committed_AS:    1251316 kB
VmallocTotal:   34359738367 kB
VmallocUsed:        8860 kB
VmallocChunk:   34359719516 kB
HardwareCorrupted:     0 kB
AnonHugePages:    108544 kB
HugePages_Total:       0
HugePages_Free:        0
HugePages_Rsvd:        0
HugePages_Surp:        0
Hugepagesize:       2048 kB
DirectMap4k:       40952 kB
DirectMap2M:     1007616 kB
DirectMap1G:           0 kB


CPU:total 1 (1 cores per cpu, 1 threads per core) family 6 model 45 stepping 7, cmov, cx8, fxsr, mmx, sse, sse2, sse3, ssse3, sse4.1, sse4.2, popcnt, avx, aes, tsc

/proc/cpuinfo:
processor	: 0
vendor_id	: GenuineIntel
cpu family	: 6
model		: 45
model name	: Intel(R) Xeon(R) CPU E5-2630 0 @ 2.30GHz
stepping	: 7
microcode	: 0x1
cpu MHz		: 2299.998
cache size	: 15360 KB
physical id	: 0
siblings	: 1
core id		: 0
cpu cores	: 1
apicid		: 0
initial apicid	: 0
fpu		: yes
fpu_exception	: yes
cpuid level	: 13
wp		: yes
flags		: fpu vme de pse tsc msr pae mce cx8 apic sep mtrr pge mca cmov pat pse36 clflush mmx fxsr sse sse2 ss syscall nx pdpe1gb rdtscp lm constant_tsc arch_perfmon rep_good nopl eagerfpu pni pclmulqdq vmx ssse3 cx16 pcid sse4_1 sse4_2 x2apic popcnt tsc_deadline_timer aes xsave avx hypervisor lahf_lm arat xsaveopt vnmi ept tsc_adjust
bogomips	: 4599.99
clflush size	: 64
cache_alignment	: 64
address sizes	: 40 bits physical, 48 bits virtual
power management:



Memory: 4k page, physical 1017852k(401592k free), swap 0k(0k free)

vm_info: OpenJDK 64-Bit Server VM (24.95-b01) for linux-amd64 JRE (1.7.0_95-b00), built on Mar 24 2016 06:13:32 by "buildd" with gcc 4.8.2

time: Sun May 15 21:04:30 2016
elapsed time: 0 seconds

